<?xml version="1.0" encoding="UTF-8"?>
<testsuite xmlns:xsi="http://www.w3.org/2001/XMLSchema-instance" xsi:noNamespaceSchemaLocation="https://maven.apache.org/surefire/maven-surefire-plugin/xsd/surefire-test-report-3.0.xsd" version="3.0" name="IngredientTest" time="0.005" tests="24" errors="0" skipped="0" failures="0">
  <properties>
    <property name="java.specification.version" value="19"/>
    <property name="sun.cpu.isalist" value="amd64"/>
    <property name="sun.jnu.encoding" value="Cp1252"/>
    <property name="java.class.path" value="D:\my data\yandexDiplom\target\test-classes;D:\my data\yandexDiplom\target\classes;C:\Users\Georgii.Kiselev.SSI-RU\.m2\repository\org\mockito\mockito-core\4.8.0\mockito-core-4.8.0.jar;C:\Users\Georgii.Kiselev.SSI-RU\.m2\repository\net\bytebuddy\byte-buddy\1.12.14\byte-buddy-1.12.14.jar;C:\Users\Georgii.Kiselev.SSI-RU\.m2\repository\net\bytebuddy\byte-buddy-agent\1.12.14\byte-buddy-agent-1.12.14.jar;C:\Users\Georgii.Kiselev.SSI-RU\.m2\repository\org\objenesis\objenesis\3.2\objenesis-3.2.jar;C:\Users\Georgii.Kiselev.SSI-RU\.m2\repository\junit\junit\4.13.2\junit-4.13.2.jar;C:\Users\Georgii.Kiselev.SSI-RU\.m2\repository\org\hamcrest\hamcrest-core\1.3\hamcrest-core-1.3.jar;C:\Users\Georgii.Kiselev.SSI-RU\.m2\repository\org\jacoco\jacoco-maven-plugin\0.8.8\jacoco-maven-plugin-0.8.8.jar;C:\Users\Georgii.Kiselev.SSI-RU\.m2\repository\org\codehaus\plexus\plexus-utils\3.0.22\plexus-utils-3.0.22.jar;C:\Users\Georgii.Kiselev.SSI-RU\.m2\repository\org\apache\maven\shared\file-management\1.2.1\file-management-1.2.1.jar;C:\Users\Georgii.Kiselev.SSI-RU\.m2\repository\org\apache\maven\maven-plugin-api\2.0.6\maven-plugin-api-2.0.6.jar;C:\Users\Georgii.Kiselev.SSI-RU\.m2\repository\org\apache\maven\shared\maven-shared-io\1.1\maven-shared-io-1.1.jar;C:\Users\Georgii.Kiselev.SSI-RU\.m2\repository\org\apache\maven\maven-artifact\2.0.2\maven-artifact-2.0.2.jar;C:\Users\Georgii.Kiselev.SSI-RU\.m2\repository\org\apache\maven\maven-artifact-manager\2.0.2\maven-artifact-manager-2.0.2.jar;C:\Users\Georgii.Kiselev.SSI-RU\.m2\repository\org\apache\maven\maven-repository-metadata\2.0.2\maven-repository-metadata-2.0.2.jar;C:\Users\Georgii.Kiselev.SSI-RU\.m2\repository\org\apache\maven\wagon\wagon-provider-api\1.0-alpha-6\wagon-provider-api-1.0-alpha-6.jar;C:\Users\Georgii.Kiselev.SSI-RU\.m2\repository\org\codehaus\plexus\plexus-container-default\1.0-alpha-9\plexus-container-default-1.0-alpha-9.jar;C:\Users\Georgii.Kiselev.SSI-RU\.m2\repository\classworlds\classworlds\1.1-alpha-2\classworlds-1.1-alpha-2.jar;C:\Users\Georgii.Kiselev.SSI-RU\.m2\repository\org\apache\maven\reporting\maven-reporting-api\3.0\maven-reporting-api-3.0.jar;C:\Users\Georgii.Kiselev.SSI-RU\.m2\repository\org\apache\maven\doxia\doxia-sink-api\1.0\doxia-sink-api-1.0.jar;C:\Users\Georgii.Kiselev.SSI-RU\.m2\repository\org\jacoco\org.jacoco.agent\0.8.8\org.jacoco.agent-0.8.8-runtime.jar;C:\Users\Georgii.Kiselev.SSI-RU\.m2\repository\org\jacoco\org.jacoco.core\0.8.8\org.jacoco.core-0.8.8.jar;C:\Users\Georgii.Kiselev.SSI-RU\.m2\repository\org\ow2\asm\asm\9.2\asm-9.2.jar;C:\Users\Georgii.Kiselev.SSI-RU\.m2\repository\org\ow2\asm\asm-commons\9.2\asm-commons-9.2.jar;C:\Users\Georgii.Kiselev.SSI-RU\.m2\repository\org\ow2\asm\asm-analysis\9.2\asm-analysis-9.2.jar;C:\Users\Georgii.Kiselev.SSI-RU\.m2\repository\org\ow2\asm\asm-tree\9.2\asm-tree-9.2.jar;C:\Users\Georgii.Kiselev.SSI-RU\.m2\repository\org\jacoco\org.jacoco.report\0.8.8\org.jacoco.report-0.8.8.jar;"/>
    <property name="java.vm.vendor" value="Oracle Corporation"/>
    <property name="sun.arch.data.model" value="64"/>
    <property name="user.variant" value=""/>
    <property name="java.vendor.url" value="https://java.oracle.com/"/>
    <property name="user.timezone" value="Europe/Samara"/>
    <property name="os.name" value="Windows 10"/>
    <property name="java.vm.specification.version" value="19"/>
    <property name="sun.java.launcher" value="SUN_STANDARD"/>
    <property name="user.country" value="US"/>
    <property name="sun.boot.library.path" value="C:\Program Files\jdk-19\bin"/>
    <property name="sun.java.command" value="C:\Users\Georgii.Kiselev.SSI-RU\AppData\Local\Temp\surefire7189787048012980952\surefirebooter-20240723132849182_3.jar C:\Users\Georgii.Kiselev.SSI-RU\AppData\Local\Temp\surefire7189787048012980952 2024-07-23T13-28-48_473-jvmRun1 surefire-20240723132849182_1tmp surefire_0-20240723132849182_2tmp"/>
    <property name="jdk.debug" value="release"/>
    <property name="surefire.test.class.path" value="D:\my data\yandexDiplom\target\test-classes;D:\my data\yandexDiplom\target\classes;C:\Users\Georgii.Kiselev.SSI-RU\.m2\repository\org\mockito\mockito-core\4.8.0\mockito-core-4.8.0.jar;C:\Users\Georgii.Kiselev.SSI-RU\.m2\repository\net\bytebuddy\byte-buddy\1.12.14\byte-buddy-1.12.14.jar;C:\Users\Georgii.Kiselev.SSI-RU\.m2\repository\net\bytebuddy\byte-buddy-agent\1.12.14\byte-buddy-agent-1.12.14.jar;C:\Users\Georgii.Kiselev.SSI-RU\.m2\repository\org\objenesis\objenesis\3.2\objenesis-3.2.jar;C:\Users\Georgii.Kiselev.SSI-RU\.m2\repository\junit\junit\4.13.2\junit-4.13.2.jar;C:\Users\Georgii.Kiselev.SSI-RU\.m2\repository\org\hamcrest\hamcrest-core\1.3\hamcrest-core-1.3.jar;C:\Users\Georgii.Kiselev.SSI-RU\.m2\repository\org\jacoco\jacoco-maven-plugin\0.8.8\jacoco-maven-plugin-0.8.8.jar;C:\Users\Georgii.Kiselev.SSI-RU\.m2\repository\org\codehaus\plexus\plexus-utils\3.0.22\plexus-utils-3.0.22.jar;C:\Users\Georgii.Kiselev.SSI-RU\.m2\repository\org\apache\maven\shared\file-management\1.2.1\file-management-1.2.1.jar;C:\Users\Georgii.Kiselev.SSI-RU\.m2\repository\org\apache\maven\maven-plugin-api\2.0.6\maven-plugin-api-2.0.6.jar;C:\Users\Georgii.Kiselev.SSI-RU\.m2\repository\org\apache\maven\shared\maven-shared-io\1.1\maven-shared-io-1.1.jar;C:\Users\Georgii.Kiselev.SSI-RU\.m2\repository\org\apache\maven\maven-artifact\2.0.2\maven-artifact-2.0.2.jar;C:\Users\Georgii.Kiselev.SSI-RU\.m2\repository\org\apache\maven\maven-artifact-manager\2.0.2\maven-artifact-manager-2.0.2.jar;C:\Users\Georgii.Kiselev.SSI-RU\.m2\repository\org\apache\maven\maven-repository-metadata\2.0.2\maven-repository-metadata-2.0.2.jar;C:\Users\Georgii.Kiselev.SSI-RU\.m2\repository\org\apache\maven\wagon\wagon-provider-api\1.0-alpha-6\wagon-provider-api-1.0-alpha-6.jar;C:\Users\Georgii.Kiselev.SSI-RU\.m2\repository\org\codehaus\plexus\plexus-container-default\1.0-alpha-9\plexus-container-default-1.0-alpha-9.jar;C:\Users\Georgii.Kiselev.SSI-RU\.m2\repository\classworlds\classworlds\1.1-alpha-2\classworlds-1.1-alpha-2.jar;C:\Users\Georgii.Kiselev.SSI-RU\.m2\repository\org\apache\maven\reporting\maven-reporting-api\3.0\maven-reporting-api-3.0.jar;C:\Users\Georgii.Kiselev.SSI-RU\.m2\repository\org\apache\maven\doxia\doxia-sink-api\1.0\doxia-sink-api-1.0.jar;C:\Users\Georgii.Kiselev.SSI-RU\.m2\repository\org\jacoco\org.jacoco.agent\0.8.8\org.jacoco.agent-0.8.8-runtime.jar;C:\Users\Georgii.Kiselev.SSI-RU\.m2\repository\org\jacoco\org.jacoco.core\0.8.8\org.jacoco.core-0.8.8.jar;C:\Users\Georgii.Kiselev.SSI-RU\.m2\repository\org\ow2\asm\asm\9.2\asm-9.2.jar;C:\Users\Georgii.Kiselev.SSI-RU\.m2\repository\org\ow2\asm\asm-commons\9.2\asm-commons-9.2.jar;C:\Users\Georgii.Kiselev.SSI-RU\.m2\repository\org\ow2\asm\asm-analysis\9.2\asm-analysis-9.2.jar;C:\Users\Georgii.Kiselev.SSI-RU\.m2\repository\org\ow2\asm\asm-tree\9.2\asm-tree-9.2.jar;C:\Users\Georgii.Kiselev.SSI-RU\.m2\repository\org\jacoco\org.jacoco.report\0.8.8\org.jacoco.report-0.8.8.jar;"/>
    <property name="sun.cpu.endian" value="little"/>
    <property name="user.home" value="C:\Users\Georgii.Kiselev.SSI-RU"/>
    <property name="user.language" value="en"/>
    <property name="java.specification.vendor" value="Oracle Corporation"/>
    <property name="java.version.date" value="2023-01-17"/>
    <property name="java.home" value="C:\Program Files\jdk-19"/>
    <property name="file.separator" value="\"/>
    <property name="basedir" value="D:\my data\yandexDiplom"/>
    <property name="java.vm.compressedOopsMode" value="Zero based"/>
    <property name="line.separator" value="&#10;"/>
    <property name="java.vm.specification.vendor" value="Oracle Corporation"/>
    <property name="java.specification.name" value="Java Platform API Specification"/>
    <property name="surefire.real.class.path" value="C:\Users\Georgii.Kiselev.SSI-RU\AppData\Local\Temp\surefire7189787048012980952\surefirebooter-20240723132849182_3.jar"/>
    <property name="user.script" value=""/>
    <property name="sun.management.compiler" value="HotSpot 64-Bit Tiered Compilers"/>
    <property name="java.runtime.version" value="19.0.2+7-44"/>
    <property name="user.name" value="georgii.kiselev"/>
    <property name="stdout.encoding" value="Cp1252"/>
    <property name="path.separator" value=";"/>
    <property name="os.version" value="10.0"/>
    <property name="java.runtime.name" value="Java(TM) SE Runtime Environment"/>
    <property name="file.encoding" value="UTF-8"/>
    <property name="java.vm.name" value="Java HotSpot(TM) 64-Bit Server VM"/>
    <property name="localRepository" value="C:\Users\Georgii.Kiselev.SSI-RU\.m2\repository"/>
    <property name="java.vendor.url.bug" value="https://bugreport.java.com/bugreport/"/>
    <property name="java.io.tmpdir" value="C:\Users\GEORGI~1.SSI\AppData\Local\Temp\"/>
    <property name="idea.version" value="2023.2.2"/>
    <property name="java.version" value="19.0.2"/>
    <property name="user.dir" value="D:\my data\yandexDiplom"/>
    <property name="os.arch" value="amd64"/>
    <property name="java.vm.specification.name" value="Java Virtual Machine Specification"/>
    <property name="sun.os.patch.level" value=""/>
    <property name="native.encoding" value="Cp1252"/>
    <property name="java.library.path" value="C:\Program Files\jdk-19\bin;C:\Windows\Sun\Java\bin;C:\Windows\system32;C:\Windows;C:\Program Files\Common Files\Oracle\Java\javapath;C:\Program Files\Amazon Corretto\jdk11.0.18_10\bin;C:\Windows\system32;C:\Windows;C:\Windows\System32\Wbem;C:\Windows\System32\WindowsPowerShell\v1.0\;C:\Windows\System32\OpenSSH\;C:\Program Files (x86)\Enterprise Vault\EVClient\x64\;C:\Program Files\Azure Data Studio\bin;C:\Program Files (x86)\Intel\Intel(R) Management Engine Components\DAL;C:\Program Files\Intel\Intel(R) Management Engine Components\DAL;C:\Program Files\gradle-7.3\bin;C:\Program Files\PuTTY\;C:\Program Files\Microsoft SQL Server\Client SDK\ODBC\170\Tools\Binn\;C:\Program Files (x86)\Microsoft SQL Server\150\Tools\Binn\;C:\Program Files\Microsoft SQL Server\150\Tools\Binn\;C:\Program Files\Microsoft SQL Server\150\DTS\Binn\;C:\Program Files (x86)\Microsoft SQL Server\150\DTS\Binn\;C:\Program Files\Java17\jdk-17.0.6\bin;C:\Users\Georgii.Kiselev.SSI-RU\Downloads\apache-maven-3.9.0-bin\apache-maven-3.9.0\bin;C:\Program Files\Git\cmd;C:\Program Files\dotnet\;C:\Program Files\nodejs\;C:\Users\Georgii.Kiselev.SSI-RU\Downloads\allure-commandline-2.23.1\allure-2.23.1\bin;;C:\Program Files\Docker\Docker\resources\bin;C:\Users\Georgii.Kiselev.SSI-RU\AppData\Local\Microsoft\WindowsApps;C:\Users\Georgii.Kiselev.SSI-RU\AppData\Local\GitHubDesktop\bin;C:\Users\Georgii.Kiselev.SSI-RU\AppData\Roaming\npm;."/>
    <property name="java.vm.info" value="mixed mode, sharing"/>
    <property name="stderr.encoding" value="Cp1252"/>
    <property name="java.vendor" value="Oracle Corporation"/>
    <property name="java.vm.version" value="19.0.2+7-44"/>
    <property name="sun.io.unicode.encoding" value="UnicodeLittle"/>
    <property name="java.class.version" value="63.0"/>
  </properties>
  <testcase name="testCheckIngredientPrice[0]" classname="IngredientTest" time="0"/>
  <testcase name="testCheckIngredientName[0]" classname="IngredientTest" time="0"/>
  <testcase name="testCheckIngredientType[0]" classname="IngredientTest" time="0"/>
  <testcase name="testCheckIngredientPrice[1]" classname="IngredientTest" time="0"/>
  <testcase name="testCheckIngredientName[1]" classname="IngredientTest" time="0"/>
  <testcase name="testCheckIngredientType[1]" classname="IngredientTest" time="0"/>
  <testcase name="testCheckIngredientPrice[2]" classname="IngredientTest" time="0"/>
  <testcase name="testCheckIngredientName[2]" classname="IngredientTest" time="0"/>
  <testcase name="testCheckIngredientType[2]" classname="IngredientTest" time="0"/>
  <testcase name="testCheckIngredientPrice[3]" classname="IngredientTest" time="0"/>
  <testcase name="testCheckIngredientName[3]" classname="IngredientTest" time="0"/>
  <testcase name="testCheckIngredientType[3]" classname="IngredientTest" time="0"/>
  <testcase name="testCheckIngredientPrice[4]" classname="IngredientTest" time="0"/>
  <testcase name="testCheckIngredientName[4]" classname="IngredientTest" time="0.004"/>
  <testcase name="testCheckIngredientType[4]" classname="IngredientTest" time="0"/>
  <testcase name="testCheckIngredientPrice[5]" classname="IngredientTest" time="0"/>
  <testcase name="testCheckIngredientName[5]" classname="IngredientTest" time="0"/>
  <testcase name="testCheckIngredientType[5]" classname="IngredientTest" time="0"/>
  <testcase name="testCheckIngredientPrice[6]" classname="IngredientTest" time="0"/>
  <testcase name="testCheckIngredientName[6]" classname="IngredientTest" time="0"/>
  <testcase name="testCheckIngredientType[6]" classname="IngredientTest" time="0"/>
  <testcase name="testCheckIngredientPrice[7]" classname="IngredientTest" time="0"/>
  <testcase name="testCheckIngredientName[7]" classname="IngredientTest" time="0"/>
  <testcase name="testCheckIngredientType[7]" classname="IngredientTest" time="0"/>
</testsuite>